  Source.cpp
c:\users\osman.dsilva\desktop\cg\project5-thirdframe\project5\source.cpp(21): warning C4244: 'argument': conversion from 'GLdouble' to 'GLfloat', possible loss of data
c:\users\osman.dsilva\desktop\cg\project5-thirdframe\project5\source.cpp(31): warning C4305: 'argument': truncation from 'double' to 'GLfloat'
c:\users\osman.dsilva\desktop\cg\project5-thirdframe\project5\source.cpp(32): warning C4305: 'argument': truncation from 'double' to 'GLfloat'
c:\users\osman.dsilva\desktop\cg\project5-thirdframe\project5\source.cpp(33): warning C4305: 'argument': truncation from 'double' to 'GLfloat'
c:\users\osman.dsilva\desktop\cg\project5-thirdframe\project5\source.cpp(34): warning C4305: 'argument': truncation from 'double' to 'GLfloat'
c:\users\osman.dsilva\desktop\cg\project5-thirdframe\project5\source.cpp(37): warning C4305: 'argument': truncation from 'double' to 'GLfloat'
c:\users\osman.dsilva\desktop\cg\project5-thirdframe\project5\source.cpp(39): warning C4305: 'argument': truncation from 'double' to 'GLfloat'
c:\users\osman.dsilva\desktop\cg\project5-thirdframe\project5\source.cpp(40): warning C4305: 'argument': truncation from 'double' to 'GLfloat'
c:\users\osman.dsilva\desktop\cg\project5-thirdframe\project5\source.cpp(41): warning C4305: 'argument': truncation from 'double' to 'GLfloat'
c:\users\osman.dsilva\desktop\cg\project5-thirdframe\project5\source.cpp(42): warning C4305: 'argument': truncation from 'double' to 'GLfloat'
c:\users\osman.dsilva\desktop\cg\project5-thirdframe\project5\source.cpp(47): warning C4305: 'argument': truncation from 'double' to 'GLfloat'
c:\users\osman.dsilva\desktop\cg\project5-thirdframe\project5\source.cpp(48): warning C4305: 'argument': truncation from 'double' to 'GLfloat'
c:\users\osman.dsilva\desktop\cg\project5-thirdframe\project5\source.cpp(49): warning C4305: 'argument': truncation from 'double' to 'GLfloat'
c:\users\osman.dsilva\desktop\cg\project5-thirdframe\project5\source.cpp(50): warning C4305: 'argument': truncation from 'double' to 'GLfloat'
c:\users\osman.dsilva\desktop\cg\project5-thirdframe\project5\source.cpp(90): warning C4244: '=': conversion from 'double' to 'GLfloat', possible loss of data
c:\users\osman.dsilva\desktop\cg\project5-thirdframe\project5\source.cpp(91): warning C4244: '=': conversion from 'double' to 'GLfloat', possible loss of data
c:\users\osman.dsilva\desktop\cg\project5-thirdframe\project5\source.cpp(105): warning C4305: 'argument': truncation from 'double' to 'GLfloat'
c:\users\osman.dsilva\desktop\cg\project5-thirdframe\project5\source.cpp(140): warning C4326: return type of 'main' should be 'int' instead of 'void'
  Project5.vcxproj -> C:\Users\osman.dsilva\Desktop\CG\Project5-thirdframe\Debug\Project5.exe
