  Source.cpp
C:\Users\likith\Desktop\New folder\CG\Computer-Graphics---OpenGL\Project1-firstframe\Project1\Source.cpp(10): warning C4305: 'initializing': truncation from 'double' to 'GLfloat'
C:\Users\likith\Desktop\New folder\CG\Computer-Graphics---OpenGL\Project1-firstframe\Project1\Source.cpp(24): warning C4244: 'argument': conversion from 'GLdouble' to 'GLfloat', possible loss of data
C:\Users\likith\Desktop\New folder\CG\Computer-Graphics---OpenGL\Project1-firstframe\Project1\Source.cpp(143): warning C4305: 'argument': truncation from 'double' to 'GLfloat'
C:\Users\likith\Desktop\New folder\CG\Computer-Graphics---OpenGL\Project1-firstframe\Project1\Source.cpp(148): warning C4305: 'argument': truncation from 'double' to 'GLfloat'
C:\Users\likith\Desktop\New folder\CG\Computer-Graphics---OpenGL\Project1-firstframe\Project1\Source.cpp(153): warning C4305: 'argument': truncation from 'double' to 'GLfloat'
C:\Users\likith\Desktop\New folder\CG\Computer-Graphics---OpenGL\Project1-firstframe\Project1\Source.cpp(161): warning C4305: 'argument': truncation from 'double' to 'GLclampf'
C:\Users\likith\Desktop\New folder\CG\Computer-Graphics---OpenGL\Project1-firstframe\Project1\Source.cpp(167): warning C4244: '=': conversion from 'double' to 'float', possible loss of data
C:\Users\likith\Desktop\New folder\CG\Computer-Graphics---OpenGL\Project1-firstframe\Project1\Source.cpp(176): warning C4244: 'argument': conversion from 'double' to 'GLfloat', possible loss of data
C:\Users\likith\Desktop\New folder\CG\Computer-Graphics---OpenGL\Project1-firstframe\Project1\Source.cpp(177): warning C4244: 'argument': conversion from 'double' to 'GLfloat', possible loss of data
C:\Users\likith\Desktop\New folder\CG\Computer-Graphics---OpenGL\Project1-firstframe\Project1\Source.cpp(178): warning C4244: 'argument': conversion from 'double' to 'GLfloat', possible loss of data
C:\Users\likith\Desktop\New folder\CG\Computer-Graphics---OpenGL\Project1-firstframe\Project1\Source.cpp(183): warning C4244: 'argument': conversion from 'double' to 'GLfloat', possible loss of data
C:\Users\likith\Desktop\New folder\CG\Computer-Graphics---OpenGL\Project1-firstframe\Project1\Source.cpp(184): warning C4244: 'argument': conversion from 'double' to 'GLfloat', possible loss of data
C:\Users\likith\Desktop\New folder\CG\Computer-Graphics---OpenGL\Project1-firstframe\Project1\Source.cpp(185): warning C4244: 'argument': conversion from 'double' to 'GLfloat', possible loss of data
C:\Users\likith\Desktop\New folder\CG\Computer-Graphics---OpenGL\Project1-firstframe\Project1\Source.cpp(186): warning C4244: 'argument': conversion from 'double' to 'GLfloat', possible loss of data
C:\Users\likith\Desktop\New folder\CG\Computer-Graphics---OpenGL\Project1-firstframe\Project1\Source.cpp(191): warning C4244: 'argument': conversion from 'double' to 'GLfloat', possible loss of data
C:\Users\likith\Desktop\New folder\CG\Computer-Graphics---OpenGL\Project1-firstframe\Project1\Source.cpp(192): warning C4244: 'argument': conversion from 'double' to 'GLfloat', possible loss of data
C:\Users\likith\Desktop\New folder\CG\Computer-Graphics---OpenGL\Project1-firstframe\Project1\Source.cpp(193): warning C4244: 'argument': conversion from 'double' to 'GLfloat', possible loss of data
C:\Users\likith\Desktop\New folder\CG\Computer-Graphics---OpenGL\Project1-firstframe\Project1\Source.cpp(194): warning C4244: 'argument': conversion from 'double' to 'GLfloat', possible loss of data
C:\Users\likith\Desktop\New folder\CG\Computer-Graphics---OpenGL\Project1-firstframe\Project1\Source.cpp(199): warning C4244: 'argument': conversion from 'double' to 'GLfloat', possible loss of data
C:\Users\likith\Desktop\New folder\CG\Computer-Graphics---OpenGL\Project1-firstframe\Project1\Source.cpp(200): warning C4244: 'argument': conversion from 'double' to 'GLfloat', possible loss of data
C:\Users\likith\Desktop\New folder\CG\Computer-Graphics---OpenGL\Project1-firstframe\Project1\Source.cpp(201): warning C4244: 'argument': conversion from 'double' to 'GLfloat', possible loss of data
C:\Users\likith\Desktop\New folder\CG\Computer-Graphics---OpenGL\Project1-firstframe\Project1\Source.cpp(202): warning C4244: 'argument': conversion from 'double' to 'GLfloat', possible loss of data
C:\Users\likith\Desktop\New folder\CG\Computer-Graphics---OpenGL\Project1-firstframe\Project1\Source.cpp(212): warning C4244: 'argument': conversion from 'double' to 'GLfloat', possible loss of data
C:\Users\likith\Desktop\New folder\CG\Computer-Graphics---OpenGL\Project1-firstframe\Project1\Source.cpp(213): warning C4244: 'argument': conversion from 'double' to 'GLfloat', possible loss of data
C:\Users\likith\Desktop\New folder\CG\Computer-Graphics---OpenGL\Project1-firstframe\Project1\Source.cpp(214): warning C4244: 'argument': conversion from 'double' to 'GLfloat', possible loss of data
C:\Users\likith\Desktop\New folder\CG\Computer-Graphics---OpenGL\Project1-firstframe\Project1\Source.cpp(219): warning C4244: 'argument': conversion from 'double' to 'GLfloat', possible loss of data
C:\Users\likith\Desktop\New folder\CG\Computer-Graphics---OpenGL\Project1-firstframe\Project1\Source.cpp(220): warning C4244: 'argument': conversion from 'double' to 'GLfloat', possible loss of data
C:\Users\likith\Desktop\New folder\CG\Computer-Graphics---OpenGL\Project1-firstframe\Project1\Source.cpp(221): warning C4244: 'argument': conversion from 'double' to 'GLfloat', possible loss of data
C:\Users\likith\Desktop\New folder\CG\Computer-Graphics---OpenGL\Project1-firstframe\Project1\Source.cpp(222): warning C4244: 'argument': conversion from 'double' to 'GLfloat', possible loss of data
C:\Users\likith\Desktop\New folder\CG\Computer-Graphics---OpenGL\Project1-firstframe\Project1\Source.cpp(227): warning C4244: 'argument': conversion from 'double' to 'GLfloat', possible loss of data
C:\Users\likith\Desktop\New folder\CG\Computer-Graphics---OpenGL\Project1-firstframe\Project1\Source.cpp(228): warning C4244: 'argument': conversion from 'double' to 'GLfloat', possible loss of data
C:\Users\likith\Desktop\New folder\CG\Computer-Graphics---OpenGL\Project1-firstframe\Project1\Source.cpp(229): warning C4244: 'argument': conversion from 'double' to 'GLfloat', possible loss of data
C:\Users\likith\Desktop\New folder\CG\Computer-Graphics---OpenGL\Project1-firstframe\Project1\Source.cpp(230): warning C4244: 'argument': conversion from 'double' to 'GLfloat', possible loss of data
C:\Users\likith\Desktop\New folder\CG\Computer-Graphics---OpenGL\Project1-firstframe\Project1\Source.cpp(235): warning C4244: 'argument': conversion from 'double' to 'GLfloat', possible loss of data
C:\Users\likith\Desktop\New folder\CG\Computer-Graphics---OpenGL\Project1-firstframe\Project1\Source.cpp(236): warning C4244: 'argument': conversion from 'double' to 'GLfloat', possible loss of data
C:\Users\likith\Desktop\New folder\CG\Computer-Graphics---OpenGL\Project1-firstframe\Project1\Source.cpp(237): warning C4244: 'argument': conversion from 'double' to 'GLfloat', possible loss of data
C:\Users\likith\Desktop\New folder\CG\Computer-Graphics---OpenGL\Project1-firstframe\Project1\Source.cpp(238): warning C4244: 'argument': conversion from 'double' to 'GLfloat', possible loss of data
C:\Users\likith\Desktop\New folder\CG\Computer-Graphics---OpenGL\Project1-firstframe\Project1\Source.cpp(253): warning C4305: 'argument': truncation from 'double' to 'GLfloat'
C:\Users\likith\Desktop\New folder\CG\Computer-Graphics---OpenGL\Project1-firstframe\Project1\Source.cpp(254): warning C4305: 'argument': truncation from 'double' to 'GLfloat'
C:\Users\likith\Desktop\New folder\CG\Computer-Graphics---OpenGL\Project1-firstframe\Project1\Source.cpp(255): warning C4305: 'argument': truncation from 'double' to 'GLfloat'
C:\Users\likith\Desktop\New folder\CG\Computer-Graphics---OpenGL\Project1-firstframe\Project1\Source.cpp(256): warning C4305: 'argument': truncation from 'double' to 'GLfloat'
C:\Users\likith\Desktop\New folder\CG\Computer-Graphics---OpenGL\Project1-firstframe\Project1\Source.cpp(261): warning C4305: 'argument': truncation from 'double' to 'GLfloat'
C:\Users\likith\Desktop\New folder\CG\Computer-Graphics---OpenGL\Project1-firstframe\Project1\Source.cpp(262): warning C4305: 'argument': truncation from 'double' to 'GLfloat'
C:\Users\likith\Desktop\New folder\CG\Computer-Graphics---OpenGL\Project1-firstframe\Project1\Source.cpp(263): warning C4305: 'argument': truncation from 'double' to 'GLfloat'
C:\Users\likith\Desktop\New folder\CG\Computer-Graphics---OpenGL\Project1-firstframe\Project1\Source.cpp(264): warning C4305: 'argument': truncation from 'double' to 'GLfloat'
C:\Users\likith\Desktop\New folder\CG\Computer-Graphics---OpenGL\Project1-firstframe\Project1\Source.cpp(269): warning C4305: 'argument': truncation from 'double' to 'GLfloat'
C:\Users\likith\Desktop\New folder\CG\Computer-Graphics---OpenGL\Project1-firstframe\Project1\Source.cpp(270): warning C4305: 'argument': truncation from 'double' to 'GLfloat'
C:\Users\likith\Desktop\New folder\CG\Computer-Graphics---OpenGL\Project1-firstframe\Project1\Source.cpp(271): warning C4305: 'argument': truncation from 'double' to 'GLfloat'
C:\Users\likith\Desktop\New folder\CG\Computer-Graphics---OpenGL\Project1-firstframe\Project1\Source.cpp(272): warning C4305: 'argument': truncation from 'double' to 'GLfloat'
C:\Users\likith\Desktop\New folder\CG\Computer-Graphics---OpenGL\Project1-firstframe\Project1\Source.cpp(277): warning C4305: 'argument': truncation from 'double' to 'GLfloat'
C:\Users\likith\Desktop\New folder\CG\Computer-Graphics---OpenGL\Project1-firstframe\Project1\Source.cpp(278): warning C4305: 'argument': truncation from 'double' to 'GLfloat'
C:\Users\likith\Desktop\New folder\CG\Computer-Graphics---OpenGL\Project1-firstframe\Project1\Source.cpp(279): warning C4305: 'argument': truncation from 'double' to 'GLfloat'
C:\Users\likith\Desktop\New folder\CG\Computer-Graphics---OpenGL\Project1-firstframe\Project1\Source.cpp(285): warning C4305: 'argument': truncation from 'double' to 'GLfloat'
C:\Users\likith\Desktop\New folder\CG\Computer-Graphics---OpenGL\Project1-firstframe\Project1\Source.cpp(286): warning C4305: 'argument': truncation from 'double' to 'GLfloat'
C:\Users\likith\Desktop\New folder\CG\Computer-Graphics---OpenGL\Project1-firstframe\Project1\Source.cpp(287): warning C4305: 'argument': truncation from 'double' to 'GLfloat'
C:\Users\likith\Desktop\New folder\CG\Computer-Graphics---OpenGL\Project1-firstframe\Project1\Source.cpp(288): warning C4305: 'argument': truncation from 'double' to 'GLfloat'
C:\Users\likith\Desktop\New folder\CG\Computer-Graphics---OpenGL\Project1-firstframe\Project1\Source.cpp(293): warning C4305: 'argument': truncation from 'double' to 'GLfloat'
C:\Users\likith\Desktop\New folder\CG\Computer-Graphics---OpenGL\Project1-firstframe\Project1\Source.cpp(294): warning C4305: 'argument': truncation from 'double' to 'GLfloat'
C:\Users\likith\Desktop\New folder\CG\Computer-Graphics---OpenGL\Project1-firstframe\Project1\Source.cpp(295): warning C4305: 'argument': truncation from 'double' to 'GLfloat'
C:\Users\likith\Desktop\New folder\CG\Computer-Graphics---OpenGL\Project1-firstframe\Project1\Source.cpp(296): warning C4305: 'argument': truncation from 'double' to 'GLfloat'
C:\Users\likith\Desktop\New folder\CG\Computer-Graphics---OpenGL\Project1-firstframe\Project1\Source.cpp(301): warning C4305: 'argument': truncation from 'double' to 'GLfloat'
C:\Users\likith\Desktop\New folder\CG\Computer-Graphics---OpenGL\Project1-firstframe\Project1\Source.cpp(302): warning C4305: 'argument': truncation from 'double' to 'GLfloat'
C:\Users\likith\Desktop\New folder\CG\Computer-Graphics---OpenGL\Project1-firstframe\Project1\Source.cpp(303): warning C4305: 'argument': truncation from 'double' to 'GLfloat'
C:\Users\likith\Desktop\New folder\CG\Computer-Graphics---OpenGL\Project1-firstframe\Project1\Source.cpp(304): warning C4305: 'argument': truncation from 'double' to 'GLfloat'
C:\Users\likith\Desktop\New folder\CG\Computer-Graphics---OpenGL\Project1-firstframe\Project1\Source.cpp(309): warning C4305: 'argument': truncation from 'double' to 'GLfloat'
C:\Users\likith\Desktop\New folder\CG\Computer-Graphics---OpenGL\Project1-firstframe\Project1\Source.cpp(310): warning C4305: 'argument': truncation from 'double' to 'GLfloat'
C:\Users\likith\Desktop\New folder\CG\Computer-Graphics---OpenGL\Project1-firstframe\Project1\Source.cpp(311): warning C4305: 'argument': truncation from 'double' to 'GLfloat'
C:\Users\likith\Desktop\New folder\CG\Computer-Graphics---OpenGL\Project1-firstframe\Project1\Source.cpp(387): warning C4305: 'argument': truncation from 'double' to 'GLfloat'
C:\Users\likith\Desktop\New folder\CG\Computer-Graphics---OpenGL\Project1-firstframe\Project1\Source.cpp(398): warning C4326: return type of 'main' should be 'int' instead of 'void'
  Project1.vcxproj -> C:\Users\likith\Desktop\New folder\CG\Computer-Graphics---OpenGL\Project1-firstframe\Debug\Project1.exe
