  Source.cpp
c:\users\osman.dsilva\desktop\cg\finishframe\finishframe\source.cpp(9): warning C4244: '=': conversion from 'double' to 'float', possible loss of data
c:\users\osman.dsilva\desktop\cg\finishframe\finishframe\source.cpp(11): warning C4305: '=': truncation from 'double' to 'float'
c:\users\osman.dsilva\desktop\cg\finishframe\finishframe\source.cpp(18): warning C4244: 'argument': conversion from 'double' to 'GLfloat', possible loss of data
c:\users\osman.dsilva\desktop\cg\finishframe\finishframe\source.cpp(19): warning C4244: 'argument': conversion from 'double' to 'GLfloat', possible loss of data
c:\users\osman.dsilva\desktop\cg\finishframe\finishframe\source.cpp(20): warning C4244: 'argument': conversion from 'double' to 'GLfloat', possible loss of data
c:\users\osman.dsilva\desktop\cg\finishframe\finishframe\source.cpp(25): warning C4244: 'argument': conversion from 'double' to 'GLfloat', possible loss of data
c:\users\osman.dsilva\desktop\cg\finishframe\finishframe\source.cpp(26): warning C4244: 'argument': conversion from 'double' to 'GLfloat', possible loss of data
c:\users\osman.dsilva\desktop\cg\finishframe\finishframe\source.cpp(27): warning C4244: 'argument': conversion from 'double' to 'GLfloat', possible loss of data
c:\users\osman.dsilva\desktop\cg\finishframe\finishframe\source.cpp(28): warning C4244: 'argument': conversion from 'double' to 'GLfloat', possible loss of data
c:\users\osman.dsilva\desktop\cg\finishframe\finishframe\source.cpp(33): warning C4244: 'argument': conversion from 'double' to 'GLfloat', possible loss of data
c:\users\osman.dsilva\desktop\cg\finishframe\finishframe\source.cpp(34): warning C4244: 'argument': conversion from 'double' to 'GLfloat', possible loss of data
c:\users\osman.dsilva\desktop\cg\finishframe\finishframe\source.cpp(35): warning C4244: 'argument': conversion from 'double' to 'GLfloat', possible loss of data
c:\users\osman.dsilva\desktop\cg\finishframe\finishframe\source.cpp(36): warning C4244: 'argument': conversion from 'double' to 'GLfloat', possible loss of data
c:\users\osman.dsilva\desktop\cg\finishframe\finishframe\source.cpp(41): warning C4244: 'argument': conversion from 'double' to 'GLfloat', possible loss of data
c:\users\osman.dsilva\desktop\cg\finishframe\finishframe\source.cpp(42): warning C4244: 'argument': conversion from 'double' to 'GLfloat', possible loss of data
c:\users\osman.dsilva\desktop\cg\finishframe\finishframe\source.cpp(43): warning C4244: 'argument': conversion from 'double' to 'GLfloat', possible loss of data
c:\users\osman.dsilva\desktop\cg\finishframe\finishframe\source.cpp(44): warning C4244: 'argument': conversion from 'double' to 'GLfloat', possible loss of data
c:\users\osman.dsilva\desktop\cg\finishframe\finishframe\source.cpp(54): warning C4244: 'argument': conversion from 'double' to 'GLfloat', possible loss of data
c:\users\osman.dsilva\desktop\cg\finishframe\finishframe\source.cpp(55): warning C4244: 'argument': conversion from 'double' to 'GLfloat', possible loss of data
c:\users\osman.dsilva\desktop\cg\finishframe\finishframe\source.cpp(56): warning C4244: 'argument': conversion from 'double' to 'GLfloat', possible loss of data
c:\users\osman.dsilva\desktop\cg\finishframe\finishframe\source.cpp(61): warning C4244: 'argument': conversion from 'double' to 'GLfloat', possible loss of data
c:\users\osman.dsilva\desktop\cg\finishframe\finishframe\source.cpp(62): warning C4244: 'argument': conversion from 'double' to 'GLfloat', possible loss of data
c:\users\osman.dsilva\desktop\cg\finishframe\finishframe\source.cpp(63): warning C4244: 'argument': conversion from 'double' to 'GLfloat', possible loss of data
c:\users\osman.dsilva\desktop\cg\finishframe\finishframe\source.cpp(64): warning C4244: 'argument': conversion from 'double' to 'GLfloat', possible loss of data
c:\users\osman.dsilva\desktop\cg\finishframe\finishframe\source.cpp(69): warning C4244: 'argument': conversion from 'double' to 'GLfloat', possible loss of data
c:\users\osman.dsilva\desktop\cg\finishframe\finishframe\source.cpp(70): warning C4244: 'argument': conversion from 'double' to 'GLfloat', possible loss of data
c:\users\osman.dsilva\desktop\cg\finishframe\finishframe\source.cpp(71): warning C4244: 'argument': conversion from 'double' to 'GLfloat', possible loss of data
c:\users\osman.dsilva\desktop\cg\finishframe\finishframe\source.cpp(72): warning C4244: 'argument': conversion from 'double' to 'GLfloat', possible loss of data
c:\users\osman.dsilva\desktop\cg\finishframe\finishframe\source.cpp(77): warning C4244: 'argument': conversion from 'double' to 'GLfloat', possible loss of data
c:\users\osman.dsilva\desktop\cg\finishframe\finishframe\source.cpp(78): warning C4244: 'argument': conversion from 'double' to 'GLfloat', possible loss of data
c:\users\osman.dsilva\desktop\cg\finishframe\finishframe\source.cpp(79): warning C4244: 'argument': conversion from 'double' to 'GLfloat', possible loss of data
c:\users\osman.dsilva\desktop\cg\finishframe\finishframe\source.cpp(80): warning C4244: 'argument': conversion from 'double' to 'GLfloat', possible loss of data
c:\users\osman.dsilva\desktop\cg\finishframe\finishframe\source.cpp(93): warning C4305: 'argument': truncation from 'double' to 'GLfloat'
c:\users\osman.dsilva\desktop\cg\finishframe\finishframe\source.cpp(94): warning C4305: 'argument': truncation from 'double' to 'GLfloat'
c:\users\osman.dsilva\desktop\cg\finishframe\finishframe\source.cpp(95): warning C4305: 'argument': truncation from 'double' to 'GLfloat'
c:\users\osman.dsilva\desktop\cg\finishframe\finishframe\source.cpp(96): warning C4305: 'argument': truncation from 'double' to 'GLfloat'
c:\users\osman.dsilva\desktop\cg\finishframe\finishframe\source.cpp(101): warning C4305: 'argument': truncation from 'double' to 'GLfloat'
c:\users\osman.dsilva\desktop\cg\finishframe\finishframe\source.cpp(102): warning C4305: 'argument': truncation from 'double' to 'GLfloat'
c:\users\osman.dsilva\desktop\cg\finishframe\finishframe\source.cpp(103): warning C4305: 'argument': truncation from 'double' to 'GLfloat'
c:\users\osman.dsilva\desktop\cg\finishframe\finishframe\source.cpp(104): warning C4305: 'argument': truncation from 'double' to 'GLfloat'
c:\users\osman.dsilva\desktop\cg\finishframe\finishframe\source.cpp(109): warning C4305: 'argument': truncation from 'double' to 'GLfloat'
c:\users\osman.dsilva\desktop\cg\finishframe\finishframe\source.cpp(110): warning C4305: 'argument': truncation from 'double' to 'GLfloat'
c:\users\osman.dsilva\desktop\cg\finishframe\finishframe\source.cpp(111): warning C4305: 'argument': truncation from 'double' to 'GLfloat'
c:\users\osman.dsilva\desktop\cg\finishframe\finishframe\source.cpp(112): warning C4305: 'argument': truncation from 'double' to 'GLfloat'
c:\users\osman.dsilva\desktop\cg\finishframe\finishframe\source.cpp(117): warning C4305: 'argument': truncation from 'double' to 'GLfloat'
c:\users\osman.dsilva\desktop\cg\finishframe\finishframe\source.cpp(118): warning C4305: 'argument': truncation from 'double' to 'GLfloat'
c:\users\osman.dsilva\desktop\cg\finishframe\finishframe\source.cpp(119): warning C4305: 'argument': truncation from 'double' to 'GLfloat'
c:\users\osman.dsilva\desktop\cg\finishframe\finishframe\source.cpp(126): warning C4305: 'argument': truncation from 'double' to 'GLfloat'
c:\users\osman.dsilva\desktop\cg\finishframe\finishframe\source.cpp(127): warning C4305: 'argument': truncation from 'double' to 'GLfloat'
c:\users\osman.dsilva\desktop\cg\finishframe\finishframe\source.cpp(128): warning C4305: 'argument': truncation from 'double' to 'GLfloat'
c:\users\osman.dsilva\desktop\cg\finishframe\finishframe\source.cpp(129): warning C4305: 'argument': truncation from 'double' to 'GLfloat'
c:\users\osman.dsilva\desktop\cg\finishframe\finishframe\source.cpp(134): warning C4305: 'argument': truncation from 'double' to 'GLfloat'
c:\users\osman.dsilva\desktop\cg\finishframe\finishframe\source.cpp(135): warning C4305: 'argument': truncation from 'double' to 'GLfloat'
c:\users\osman.dsilva\desktop\cg\finishframe\finishframe\source.cpp(136): warning C4305: 'argument': truncation from 'double' to 'GLfloat'
c:\users\osman.dsilva\desktop\cg\finishframe\finishframe\source.cpp(137): warning C4305: 'argument': truncation from 'double' to 'GLfloat'
c:\users\osman.dsilva\desktop\cg\finishframe\finishframe\source.cpp(142): warning C4305: 'argument': truncation from 'double' to 'GLfloat'
c:\users\osman.dsilva\desktop\cg\finishframe\finishframe\source.cpp(143): warning C4305: 'argument': truncation from 'double' to 'GLfloat'
c:\users\osman.dsilva\desktop\cg\finishframe\finishframe\source.cpp(144): warning C4305: 'argument': truncation from 'double' to 'GLfloat'
c:\users\osman.dsilva\desktop\cg\finishframe\finishframe\source.cpp(145): warning C4305: 'argument': truncation from 'double' to 'GLfloat'
c:\users\osman.dsilva\desktop\cg\finishframe\finishframe\source.cpp(150): warning C4305: 'argument': truncation from 'double' to 'GLfloat'
c:\users\osman.dsilva\desktop\cg\finishframe\finishframe\source.cpp(151): warning C4305: 'argument': truncation from 'double' to 'GLfloat'
c:\users\osman.dsilva\desktop\cg\finishframe\finishframe\source.cpp(152): warning C4305: 'argument': truncation from 'double' to 'GLfloat'
c:\users\osman.dsilva\desktop\cg\finishframe\finishframe\source.cpp(189): warning C4305: 'argument': truncation from 'double' to 'GLfloat'
c:\users\osman.dsilva\desktop\cg\finishframe\finishframe\source.cpp(190): warning C4305: 'argument': truncation from 'double' to 'GLfloat'
c:\users\osman.dsilva\desktop\cg\finishframe\finishframe\source.cpp(191): warning C4305: 'argument': truncation from 'double' to 'GLfloat'
c:\users\osman.dsilva\desktop\cg\finishframe\finishframe\source.cpp(192): warning C4305: 'argument': truncation from 'double' to 'GLfloat'
c:\users\osman.dsilva\desktop\cg\finishframe\finishframe\source.cpp(209): warning C4326: return type of 'main' should be 'int' instead of 'void'
  finishframe.vcxproj -> C:\Users\osman.dsilva\Desktop\CG\finishframe\Debug\finishframe.exe
