  Source.cpp
C:\Users\likith\source\repos\Square\Square\Source.cpp(9): warning C4244: '=': conversion from 'double' to 'float', possible loss of data
C:\Users\likith\source\repos\Square\Square\Source.cpp(11): warning C4305: '=': truncation from 'double' to 'float'
C:\Users\likith\source\repos\Square\Square\Source.cpp(18): warning C4244: 'argument': conversion from 'double' to 'GLfloat', possible loss of data
C:\Users\likith\source\repos\Square\Square\Source.cpp(19): warning C4244: 'argument': conversion from 'double' to 'GLfloat', possible loss of data
C:\Users\likith\source\repos\Square\Square\Source.cpp(20): warning C4244: 'argument': conversion from 'double' to 'GLfloat', possible loss of data
C:\Users\likith\source\repos\Square\Square\Source.cpp(25): warning C4244: 'argument': conversion from 'double' to 'GLfloat', possible loss of data
C:\Users\likith\source\repos\Square\Square\Source.cpp(26): warning C4244: 'argument': conversion from 'double' to 'GLfloat', possible loss of data
C:\Users\likith\source\repos\Square\Square\Source.cpp(27): warning C4244: 'argument': conversion from 'double' to 'GLfloat', possible loss of data
C:\Users\likith\source\repos\Square\Square\Source.cpp(28): warning C4244: 'argument': conversion from 'double' to 'GLfloat', possible loss of data
C:\Users\likith\source\repos\Square\Square\Source.cpp(33): warning C4244: 'argument': conversion from 'double' to 'GLfloat', possible loss of data
C:\Users\likith\source\repos\Square\Square\Source.cpp(34): warning C4244: 'argument': conversion from 'double' to 'GLfloat', possible loss of data
C:\Users\likith\source\repos\Square\Square\Source.cpp(35): warning C4244: 'argument': conversion from 'double' to 'GLfloat', possible loss of data
C:\Users\likith\source\repos\Square\Square\Source.cpp(36): warning C4244: 'argument': conversion from 'double' to 'GLfloat', possible loss of data
C:\Users\likith\source\repos\Square\Square\Source.cpp(41): warning C4244: 'argument': conversion from 'double' to 'GLfloat', possible loss of data
C:\Users\likith\source\repos\Square\Square\Source.cpp(42): warning C4244: 'argument': conversion from 'double' to 'GLfloat', possible loss of data
C:\Users\likith\source\repos\Square\Square\Source.cpp(43): warning C4244: 'argument': conversion from 'double' to 'GLfloat', possible loss of data
C:\Users\likith\source\repos\Square\Square\Source.cpp(44): warning C4244: 'argument': conversion from 'double' to 'GLfloat', possible loss of data
C:\Users\likith\source\repos\Square\Square\Source.cpp(54): warning C4244: 'argument': conversion from 'double' to 'GLfloat', possible loss of data
C:\Users\likith\source\repos\Square\Square\Source.cpp(55): warning C4244: 'argument': conversion from 'double' to 'GLfloat', possible loss of data
C:\Users\likith\source\repos\Square\Square\Source.cpp(56): warning C4244: 'argument': conversion from 'double' to 'GLfloat', possible loss of data
C:\Users\likith\source\repos\Square\Square\Source.cpp(61): warning C4244: 'argument': conversion from 'double' to 'GLfloat', possible loss of data
C:\Users\likith\source\repos\Square\Square\Source.cpp(62): warning C4244: 'argument': conversion from 'double' to 'GLfloat', possible loss of data
C:\Users\likith\source\repos\Square\Square\Source.cpp(63): warning C4244: 'argument': conversion from 'double' to 'GLfloat', possible loss of data
C:\Users\likith\source\repos\Square\Square\Source.cpp(64): warning C4244: 'argument': conversion from 'double' to 'GLfloat', possible loss of data
C:\Users\likith\source\repos\Square\Square\Source.cpp(69): warning C4244: 'argument': conversion from 'double' to 'GLfloat', possible loss of data
C:\Users\likith\source\repos\Square\Square\Source.cpp(70): warning C4244: 'argument': conversion from 'double' to 'GLfloat', possible loss of data
C:\Users\likith\source\repos\Square\Square\Source.cpp(71): warning C4244: 'argument': conversion from 'double' to 'GLfloat', possible loss of data
C:\Users\likith\source\repos\Square\Square\Source.cpp(72): warning C4244: 'argument': conversion from 'double' to 'GLfloat', possible loss of data
C:\Users\likith\source\repos\Square\Square\Source.cpp(77): warning C4244: 'argument': conversion from 'double' to 'GLfloat', possible loss of data
C:\Users\likith\source\repos\Square\Square\Source.cpp(78): warning C4244: 'argument': conversion from 'double' to 'GLfloat', possible loss of data
C:\Users\likith\source\repos\Square\Square\Source.cpp(79): warning C4244: 'argument': conversion from 'double' to 'GLfloat', possible loss of data
C:\Users\likith\source\repos\Square\Square\Source.cpp(80): warning C4244: 'argument': conversion from 'double' to 'GLfloat', possible loss of data
C:\Users\likith\source\repos\Square\Square\Source.cpp(92): warning C4305: 'argument': truncation from 'double' to 'GLfloat'
C:\Users\likith\source\repos\Square\Square\Source.cpp(93): warning C4305: 'argument': truncation from 'double' to 'GLfloat'
C:\Users\likith\source\repos\Square\Square\Source.cpp(94): warning C4305: 'argument': truncation from 'double' to 'GLfloat'
C:\Users\likith\source\repos\Square\Square\Source.cpp(95): warning C4305: 'argument': truncation from 'double' to 'GLfloat'
C:\Users\likith\source\repos\Square\Square\Source.cpp(100): warning C4305: 'argument': truncation from 'double' to 'GLfloat'
C:\Users\likith\source\repos\Square\Square\Source.cpp(101): warning C4305: 'argument': truncation from 'double' to 'GLfloat'
C:\Users\likith\source\repos\Square\Square\Source.cpp(102): warning C4305: 'argument': truncation from 'double' to 'GLfloat'
C:\Users\likith\source\repos\Square\Square\Source.cpp(103): warning C4305: 'argument': truncation from 'double' to 'GLfloat'
C:\Users\likith\source\repos\Square\Square\Source.cpp(108): warning C4305: 'argument': truncation from 'double' to 'GLfloat'
C:\Users\likith\source\repos\Square\Square\Source.cpp(109): warning C4305: 'argument': truncation from 'double' to 'GLfloat'
C:\Users\likith\source\repos\Square\Square\Source.cpp(110): warning C4305: 'argument': truncation from 'double' to 'GLfloat'
C:\Users\likith\source\repos\Square\Square\Source.cpp(111): warning C4305: 'argument': truncation from 'double' to 'GLfloat'
C:\Users\likith\source\repos\Square\Square\Source.cpp(116): warning C4305: 'argument': truncation from 'double' to 'GLfloat'
C:\Users\likith\source\repos\Square\Square\Source.cpp(117): warning C4305: 'argument': truncation from 'double' to 'GLfloat'
C:\Users\likith\source\repos\Square\Square\Source.cpp(118): warning C4305: 'argument': truncation from 'double' to 'GLfloat'
C:\Users\likith\source\repos\Square\Square\Source.cpp(144): warning C4305: 'argument': truncation from 'double' to 'GLfloat'
C:\Users\likith\source\repos\Square\Square\Source.cpp(145): warning C4305: 'argument': truncation from 'double' to 'GLfloat'
C:\Users\likith\source\repos\Square\Square\Source.cpp(146): warning C4305: 'argument': truncation from 'double' to 'GLfloat'
C:\Users\likith\source\repos\Square\Square\Source.cpp(147): warning C4305: 'argument': truncation from 'double' to 'GLfloat'
C:\Users\likith\source\repos\Square\Square\Source.cpp(164): warning C4326: return type of 'main' should be 'int' instead of 'void'
  Square.vcxproj -> C:\Users\likith\source\repos\Square\Debug\Square.exe
