  Source.cpp
c:\users\osman.dsilva\desktop\cg\project6-fifthframe\project6-fifthframe\source.cpp(77): warning C4305: 'argument': truncation from 'double' to 'GLfloat'
c:\users\osman.dsilva\desktop\cg\project6-fifthframe\project6-fifthframe\source.cpp(92): warning C4244: 'argument': conversion from 'GLdouble' to 'GLfloat', possible loss of data
c:\users\osman.dsilva\desktop\cg\project6-fifthframe\project6-fifthframe\source.cpp(108): warning C4244: 'argument': conversion from 'GLdouble' to 'GLfloat', possible loss of data
c:\users\osman.dsilva\desktop\cg\project6-fifthframe\project6-fifthframe\source.cpp(121): warning C4244: 'argument': conversion from 'GLint' to 'GLfloat', possible loss of data
c:\users\osman.dsilva\desktop\cg\project6-fifthframe\project6-fifthframe\source.cpp(131): warning C4305: 'argument': truncation from 'double' to 'GLclampf'
c:\users\osman.dsilva\desktop\cg\project6-fifthframe\project6-fifthframe\source.cpp(146): warning C4244: 'argument': conversion from 'GLdouble' to 'GLfloat', possible loss of data
c:\users\osman.dsilva\desktop\cg\project6-fifthframe\project6-fifthframe\source.cpp(240): warning C4305: 'argument': truncation from 'double' to 'GLfloat'
c:\users\osman.dsilva\desktop\cg\project6-fifthframe\project6-fifthframe\source.cpp(241): warning C4305: 'argument': truncation from 'double' to 'GLfloat'
c:\users\osman.dsilva\desktop\cg\project6-fifthframe\project6-fifthframe\source.cpp(242): warning C4305: 'argument': truncation from 'double' to 'GLfloat'
c:\users\osman.dsilva\desktop\cg\project6-fifthframe\project6-fifthframe\source.cpp(243): warning C4305: 'argument': truncation from 'double' to 'GLfloat'
c:\users\osman.dsilva\desktop\cg\project6-fifthframe\project6-fifthframe\source.cpp(249): warning C4305: 'argument': truncation from 'double' to 'GLfloat'
c:\users\osman.dsilva\desktop\cg\project6-fifthframe\project6-fifthframe\source.cpp(250): warning C4305: 'argument': truncation from 'double' to 'GLfloat'
c:\users\osman.dsilva\desktop\cg\project6-fifthframe\project6-fifthframe\source.cpp(251): warning C4305: 'argument': truncation from 'double' to 'GLfloat'
c:\users\osman.dsilva\desktop\cg\project6-fifthframe\project6-fifthframe\source.cpp(252): warning C4305: 'argument': truncation from 'double' to 'GLfloat'
c:\users\osman.dsilva\desktop\cg\project6-fifthframe\project6-fifthframe\source.cpp(256): warning C4305: 'argument': truncation from 'double' to 'GLfloat'
c:\users\osman.dsilva\desktop\cg\project6-fifthframe\project6-fifthframe\source.cpp(258): warning C4305: 'argument': truncation from 'double' to 'GLfloat'
c:\users\osman.dsilva\desktop\cg\project6-fifthframe\project6-fifthframe\source.cpp(259): warning C4305: 'argument': truncation from 'double' to 'GLfloat'
c:\users\osman.dsilva\desktop\cg\project6-fifthframe\project6-fifthframe\source.cpp(260): warning C4305: 'argument': truncation from 'double' to 'GLfloat'
c:\users\osman.dsilva\desktop\cg\project6-fifthframe\project6-fifthframe\source.cpp(261): warning C4305: 'argument': truncation from 'double' to 'GLfloat'
c:\users\osman.dsilva\desktop\cg\project6-fifthframe\project6-fifthframe\source.cpp(266): warning C4305: 'argument': truncation from 'double' to 'GLfloat'
c:\users\osman.dsilva\desktop\cg\project6-fifthframe\project6-fifthframe\source.cpp(267): warning C4305: 'argument': truncation from 'double' to 'GLfloat'
c:\users\osman.dsilva\desktop\cg\project6-fifthframe\project6-fifthframe\source.cpp(272): warning C4305: 'argument': truncation from 'double' to 'GLfloat'
c:\users\osman.dsilva\desktop\cg\project6-fifthframe\project6-fifthframe\source.cpp(273): warning C4305: 'argument': truncation from 'double' to 'GLfloat'
c:\users\osman.dsilva\desktop\cg\project6-fifthframe\project6-fifthframe\source.cpp(278): warning C4305: 'argument': truncation from 'double' to 'GLfloat'
c:\users\osman.dsilva\desktop\cg\project6-fifthframe\project6-fifthframe\source.cpp(285): warning C4305: 'argument': truncation from 'double' to 'GLfloat'
c:\users\osman.dsilva\desktop\cg\project6-fifthframe\project6-fifthframe\source.cpp(290): warning C4305: 'argument': truncation from 'double' to 'GLfloat'
c:\users\osman.dsilva\desktop\cg\project6-fifthframe\project6-fifthframe\source.cpp(291): warning C4305: 'argument': truncation from 'double' to 'GLfloat'
c:\users\osman.dsilva\desktop\cg\project6-fifthframe\project6-fifthframe\source.cpp(296): warning C4305: 'argument': truncation from 'double' to 'GLfloat'
c:\users\osman.dsilva\desktop\cg\project6-fifthframe\project6-fifthframe\source.cpp(297): warning C4305: 'argument': truncation from 'double' to 'GLfloat'
c:\users\osman.dsilva\desktop\cg\project6-fifthframe\project6-fifthframe\source.cpp(302): warning C4305: 'argument': truncation from 'double' to 'GLfloat'
c:\users\osman.dsilva\desktop\cg\project6-fifthframe\project6-fifthframe\source.cpp(303): warning C4305: 'argument': truncation from 'double' to 'GLfloat'
c:\users\osman.dsilva\desktop\cg\project6-fifthframe\project6-fifthframe\source.cpp(308): warning C4305: 'argument': truncation from 'double' to 'GLfloat'
c:\users\osman.dsilva\desktop\cg\project6-fifthframe\project6-fifthframe\source.cpp(309): warning C4305: 'argument': truncation from 'double' to 'GLfloat'
c:\users\osman.dsilva\desktop\cg\project6-fifthframe\project6-fifthframe\source.cpp(314): warning C4305: 'argument': truncation from 'double' to 'GLfloat'
c:\users\osman.dsilva\desktop\cg\project6-fifthframe\project6-fifthframe\source.cpp(320): warning C4305: 'argument': truncation from 'double' to 'GLfloat'
c:\users\osman.dsilva\desktop\cg\project6-fifthframe\project6-fifthframe\source.cpp(326): warning C4305: 'argument': truncation from 'double' to 'GLfloat'
c:\users\osman.dsilva\desktop\cg\project6-fifthframe\project6-fifthframe\source.cpp(332): warning C4305: 'argument': truncation from 'double' to 'GLfloat'
c:\users\osman.dsilva\desktop\cg\project6-fifthframe\project6-fifthframe\source.cpp(364): warning C4305: 'argument': truncation from 'double' to 'GLfloat'
c:\users\osman.dsilva\desktop\cg\project6-fifthframe\project6-fifthframe\source.cpp(369): warning C4305: 'argument': truncation from 'double' to 'GLfloat'
c:\users\osman.dsilva\desktop\cg\project6-fifthframe\project6-fifthframe\source.cpp(374): warning C4305: 'argument': truncation from 'double' to 'GLfloat'
c:\users\osman.dsilva\desktop\cg\project6-fifthframe\project6-fifthframe\source.cpp(382): warning C4244: '=': conversion from 'double' to 'float', possible loss of data
c:\users\osman.dsilva\desktop\cg\project6-fifthframe\project6-fifthframe\source.cpp(391): warning C4244: 'argument': conversion from 'double' to 'GLfloat', possible loss of data
c:\users\osman.dsilva\desktop\cg\project6-fifthframe\project6-fifthframe\source.cpp(392): warning C4244: 'argument': conversion from 'double' to 'GLfloat', possible loss of data
c:\users\osman.dsilva\desktop\cg\project6-fifthframe\project6-fifthframe\source.cpp(393): warning C4244: 'argument': conversion from 'double' to 'GLfloat', possible loss of data
c:\users\osman.dsilva\desktop\cg\project6-fifthframe\project6-fifthframe\source.cpp(398): warning C4244: 'argument': conversion from 'double' to 'GLfloat', possible loss of data
c:\users\osman.dsilva\desktop\cg\project6-fifthframe\project6-fifthframe\source.cpp(399): warning C4244: 'argument': conversion from 'double' to 'GLfloat', possible loss of data
c:\users\osman.dsilva\desktop\cg\project6-fifthframe\project6-fifthframe\source.cpp(400): warning C4244: 'argument': conversion from 'double' to 'GLfloat', possible loss of data
c:\users\osman.dsilva\desktop\cg\project6-fifthframe\project6-fifthframe\source.cpp(401): warning C4244: 'argument': conversion from 'double' to 'GLfloat', possible loss of data
c:\users\osman.dsilva\desktop\cg\project6-fifthframe\project6-fifthframe\source.cpp(406): warning C4244: 'argument': conversion from 'double' to 'GLfloat', possible loss of data
c:\users\osman.dsilva\desktop\cg\project6-fifthframe\project6-fifthframe\source.cpp(407): warning C4244: 'argument': conversion from 'double' to 'GLfloat', possible loss of data
c:\users\osman.dsilva\desktop\cg\project6-fifthframe\project6-fifthframe\source.cpp(408): warning C4244: 'argument': conversion from 'double' to 'GLfloat', possible loss of data
c:\users\osman.dsilva\desktop\cg\project6-fifthframe\project6-fifthframe\source.cpp(409): warning C4244: 'argument': conversion from 'double' to 'GLfloat', possible loss of data
c:\users\osman.dsilva\desktop\cg\project6-fifthframe\project6-fifthframe\source.cpp(414): warning C4244: 'argument': conversion from 'double' to 'GLfloat', possible loss of data
c:\users\osman.dsilva\desktop\cg\project6-fifthframe\project6-fifthframe\source.cpp(415): warning C4244: 'argument': conversion from 'double' to 'GLfloat', possible loss of data
c:\users\osman.dsilva\desktop\cg\project6-fifthframe\project6-fifthframe\source.cpp(416): warning C4244: 'argument': conversion from 'double' to 'GLfloat', possible loss of data
c:\users\osman.dsilva\desktop\cg\project6-fifthframe\project6-fifthframe\source.cpp(417): warning C4244: 'argument': conversion from 'double' to 'GLfloat', possible loss of data
c:\users\osman.dsilva\desktop\cg\project6-fifthframe\project6-fifthframe\source.cpp(427): warning C4244: 'argument': conversion from 'double' to 'GLfloat', possible loss of data
c:\users\osman.dsilva\desktop\cg\project6-fifthframe\project6-fifthframe\source.cpp(428): warning C4244: 'argument': conversion from 'double' to 'GLfloat', possible loss of data
c:\users\osman.dsilva\desktop\cg\project6-fifthframe\project6-fifthframe\source.cpp(429): warning C4244: 'argument': conversion from 'double' to 'GLfloat', possible loss of data
c:\users\osman.dsilva\desktop\cg\project6-fifthframe\project6-fifthframe\source.cpp(434): warning C4244: 'argument': conversion from 'double' to 'GLfloat', possible loss of data
c:\users\osman.dsilva\desktop\cg\project6-fifthframe\project6-fifthframe\source.cpp(435): warning C4244: 'argument': conversion from 'double' to 'GLfloat', possible loss of data
c:\users\osman.dsilva\desktop\cg\project6-fifthframe\project6-fifthframe\source.cpp(436): warning C4244: 'argument': conversion from 'double' to 'GLfloat', possible loss of data
c:\users\osman.dsilva\desktop\cg\project6-fifthframe\project6-fifthframe\source.cpp(437): warning C4244: 'argument': conversion from 'double' to 'GLfloat', possible loss of data
c:\users\osman.dsilva\desktop\cg\project6-fifthframe\project6-fifthframe\source.cpp(442): warning C4244: 'argument': conversion from 'double' to 'GLfloat', possible loss of data
c:\users\osman.dsilva\desktop\cg\project6-fifthframe\project6-fifthframe\source.cpp(443): warning C4244: 'argument': conversion from 'double' to 'GLfloat', possible loss of data
c:\users\osman.dsilva\desktop\cg\project6-fifthframe\project6-fifthframe\source.cpp(444): warning C4244: 'argument': conversion from 'double' to 'GLfloat', possible loss of data
c:\users\osman.dsilva\desktop\cg\project6-fifthframe\project6-fifthframe\source.cpp(445): warning C4244: 'argument': conversion from 'double' to 'GLfloat', possible loss of data
c:\users\osman.dsilva\desktop\cg\project6-fifthframe\project6-fifthframe\source.cpp(450): warning C4244: 'argument': conversion from 'double' to 'GLfloat', possible loss of data
c:\users\osman.dsilva\desktop\cg\project6-fifthframe\project6-fifthframe\source.cpp(451): warning C4244: 'argument': conversion from 'double' to 'GLfloat', possible loss of data
c:\users\osman.dsilva\desktop\cg\project6-fifthframe\project6-fifthframe\source.cpp(452): warning C4244: 'argument': conversion from 'double' to 'GLfloat', possible loss of data
c:\users\osman.dsilva\desktop\cg\project6-fifthframe\project6-fifthframe\source.cpp(453): warning C4244: 'argument': conversion from 'double' to 'GLfloat', possible loss of data
c:\users\osman.dsilva\desktop\cg\project6-fifthframe\project6-fifthframe\source.cpp(535): warning C4305: 'argument': truncation from 'double' to 'GLfloat'
c:\users\osman.dsilva\desktop\cg\project6-fifthframe\project6-fifthframe\source.cpp(549): warning C4305: 'argument': truncation from 'double' to 'GLfloat'
c:\users\osman.dsilva\desktop\cg\project6-fifthframe\project6-fifthframe\source.cpp(563): warning C4305: 'argument': truncation from 'double' to 'GLfloat'
c:\users\osman.dsilva\desktop\cg\project6-fifthframe\project6-fifthframe\source.cpp(577): warning C4305: 'argument': truncation from 'double' to 'GLfloat'
c:\users\osman.dsilva\desktop\cg\project6-fifthframe\project6-fifthframe\source.cpp(591): warning C4305: 'argument': truncation from 'double' to 'GLfloat'
c:\users\osman.dsilva\desktop\cg\project6-fifthframe\project6-fifthframe\source.cpp(607): warning C4305: 'argument': truncation from 'double' to 'GLfloat'
c:\users\osman.dsilva\desktop\cg\project6-fifthframe\project6-fifthframe\source.cpp(615): warning C4305: 'argument': truncation from 'double' to 'GLfloat'
c:\users\osman.dsilva\desktop\cg\project6-fifthframe\project6-fifthframe\source.cpp(624): warning C4305: 'argument': truncation from 'double' to 'GLfloat'
c:\users\osman.dsilva\desktop\cg\project6-fifthframe\project6-fifthframe\source.cpp(631): warning C4305: 'argument': truncation from 'double' to 'GLfloat'
c:\users\osman.dsilva\desktop\cg\project6-fifthframe\project6-fifthframe\source.cpp(632): warning C4305: 'argument': truncation from 'double' to 'GLfloat'
c:\users\osman.dsilva\desktop\cg\project6-fifthframe\project6-fifthframe\source.cpp(639): warning C4305: 'argument': truncation from 'double' to 'GLfloat'
c:\users\osman.dsilva\desktop\cg\project6-fifthframe\project6-fifthframe\source.cpp(646): warning C4305: 'argument': truncation from 'double' to 'GLfloat'
c:\users\osman.dsilva\desktop\cg\project6-fifthframe\project6-fifthframe\source.cpp(662): warning C4244: '=': conversion from 'double' to 'GLfloat', possible loss of data
  Project6-fifthframe.vcxproj -> C:\Users\osman.dsilva\Desktop\CG\Project6-fifthframe\Debug\Project6-fifthframe.exe
